time="2022-09-03T14:41:19+03:00" level=info msg="read application configuration" func="video_service/internal/app/config.GetConfig.func1()" file="config.go:61"
time="2022-09-03T14:41:19+03:00" level=debug msg="MaxRetries 0" func="video_service/internal/app/config.GetConfig.func1()" file="config.go:68"
time="2022-09-03T14:41:19+03:00" level=debug msg="dsn is postgresql://user:pass@localhost:5432/dev" func="video_service/internal/adapters/postgresql.NewPostgresClient()" file="sql.go:41"
time="2022-09-03T14:41:19+03:00" level=debug msg="max_retries %v5" func="video_service/internal/adapters/postgresql.NewPostgresClient()" file="sql.go:42"
time="2022-09-03T14:41:19+03:00" level=debug msg="start connect" func="video_service/internal/adapters/postgresql.NewPostgresClient.func1()" file="sql.go:45"
time="2022-09-03T14:41:19+03:00" level=debug msg="ctx is %vcontext.TODO.WithDeadline(2022-09-03 14:41:24.004286 +0300 MSK m=+5.007970210 [4.9999435s])" func="video_service/internal/adapters/postgresql.NewPostgresClient.func1()" file="sql.go:47"
time="2022-09-03T14:41:19+03:00" level=debug msg="err is <nil>" func="video_service/internal/adapters/postgresql.NewPostgresClient.func1()" file="sql.go:49"
time="2022-09-03T14:41:19+03:00" level=debug msg="check pool %v&{0 0 0 0x14000205000 0x140001b4a20 <nil> <nil> <nil> <nil> 0 8 3600000000000 0 1800000000000 60000000000 0x140001903c0 {0 {0 0}} 0x14000190420}" func="video_service/internal/adapters/postgresql.NewPostgresClient()" file="sql.go:58"
time="2022-09-03T14:41:47+03:00" level=trace msg="SQL Query:  INSERT INTO videos      (uri, id)  VALUES         ($1, $2)  RETURNING id " func="video_service/internal/controller/database/video_db_logic.db.Create()" file="video_db_logic.go:39"
time="2022-09-03T14:41:47+03:00" level=debug msg="test client &{0 0 0 0x14000205000 0x140001b4a20 <nil> <nil> <nil> <nil> 0 8 3600000000000 0 1800000000000 60000000000 0x140001903c0 {0 {0 0}} 0x14000190420}" func="video_service/internal/controller/database/video_db_logic.db.Create()" file="video_db_logic.go:41"
time="2022-09-03T14:41:48+03:00" level=debug msg="start SCAN" func="video_service/internal/controller/database/video_db_logic.db.Create()" file="video_db_logic.go:43"
time="2022-09-03T14:41:48+03:00" level=error msg="SQL Error: relation \"videos\" does not exist, Detail: , Where: , Code: 42P01, SQLState: 42P01" func="video_service/internal/controller/database/video_db_logic.db.Create()" file="video_db_logic.go:49"
time="2022-09-03T14:48:23+03:00" level=info msg="read application configuration" func="video_service/internal/app/config.GetConfig.func1()" file="config.go:61"
time="2022-09-03T14:48:23+03:00" level=debug msg="MaxRetries 0" func="video_service/internal/app/config.GetConfig.func1()" file="config.go:68"
time="2022-09-03T14:48:23+03:00" level=debug msg="dsn is postgresql://user:pass@localhost:5432/dev" func="video_service/internal/adapters/postgresql.NewPostgresClient()" file="sql.go:41"
time="2022-09-03T14:48:23+03:00" level=debug msg="max_retries %v5" func="video_service/internal/adapters/postgresql.NewPostgresClient()" file="sql.go:42"
time="2022-09-03T14:48:23+03:00" level=debug msg="start connect" func="video_service/internal/adapters/postgresql.NewPostgresClient.func1()" file="sql.go:45"
time="2022-09-03T14:48:23+03:00" level=debug msg="ctx is %vcontext.TODO.WithDeadline(2022-09-03 14:48:28.63916 +0300 MSK m=+5.007832543 [4.999940292s])" func="video_service/internal/adapters/postgresql.NewPostgresClient.func1()" file="sql.go:47"
time="2022-09-03T14:48:23+03:00" level=debug msg="err is <nil>" func="video_service/internal/adapters/postgresql.NewPostgresClient.func1()" file="sql.go:49"
time="2022-09-03T14:48:23+03:00" level=debug msg="check pool %v&{0 0 0 0x14000205000 0x14000132a20 <nil> <nil> <nil> <nil> 0 8 3600000000000 0 1800000000000 60000000000 0x1400010e3c0 {0 {0 0}} 0x1400010e420}" func="video_service/internal/adapters/postgresql.NewPostgresClient()" file="sql.go:58"
time="2022-09-03T14:48:29+03:00" level=trace msg="SQL Query:  INSERT INTO videos      (uri, id)  VALUES         ($1, $2)  RETURNING id " func="video_service/internal/controller/database/video_db_logic.db.Create()" file="video_db_logic.go:39"
time="2022-09-03T14:48:29+03:00" level=debug msg="test client &{0 0 0 0x14000205000 0x14000132a20 <nil> <nil> <nil> <nil> 0 8 3600000000000 0 1800000000000 60000000000 0x1400010e3c0 {0 {0 0}} 0x1400010e420}" func="video_service/internal/controller/database/video_db_logic.db.Create()" file="video_db_logic.go:41"
time="2022-09-03T14:48:29+03:00" level=debug msg="start SCAN" func="video_service/internal/controller/database/video_db_logic.db.Create()" file="video_db_logic.go:43"
time="2022-09-03T14:49:03+03:00" level=info msg="read application configuration" func="video_service/internal/app/config.GetConfig.func1()" file="config.go:61"
time="2022-09-03T14:49:03+03:00" level=debug msg="MaxRetries 0" func="video_service/internal/app/config.GetConfig.func1()" file="config.go:68"
time="2022-09-03T14:49:03+03:00" level=debug msg="dsn is postgresql://user:pass@localhost:5432/dev" func="video_service/internal/adapters/postgresql.NewPostgresClient()" file="sql.go:41"
time="2022-09-03T14:49:03+03:00" level=debug msg="max_retries %v5" func="video_service/internal/adapters/postgresql.NewPostgresClient()" file="sql.go:42"
time="2022-09-03T14:49:03+03:00" level=debug msg="start connect" func="video_service/internal/adapters/postgresql.NewPostgresClient.func1()" file="sql.go:45"
time="2022-09-03T14:49:03+03:00" level=debug msg="ctx is %vcontext.TODO.WithDeadline(2022-09-03 14:49:08.094538 +0300 MSK m=+5.003128917 [4.999961375s])" func="video_service/internal/adapters/postgresql.NewPostgresClient.func1()" file="sql.go:47"
time="2022-09-03T14:49:03+03:00" level=debug msg="err is <nil>" func="video_service/internal/adapters/postgresql.NewPostgresClient.func1()" file="sql.go:49"
time="2022-09-03T14:49:03+03:00" level=debug msg="check pool %v&{0 0 0 0x140000f5000 0x140000aca20 <nil> <nil> <nil> <nil> 0 8 3600000000000 0 1800000000000 60000000000 0x140000923c0 {0 {0 0}} 0x14000092420}" func="video_service/internal/adapters/postgresql.NewPostgresClient()" file="sql.go:58"
time="2022-09-03T14:49:06+03:00" level=trace msg="SQL Query:  INSERT INTO videos      (uri, id)  VALUES         ($1, $2)  RETURNING id " func="video_service/internal/controller/database/video_db_logic.db.Create()" file="video_db_logic.go:39"
time="2022-09-03T14:49:06+03:00" level=debug msg="test client &{0 0 0 0x140000f5000 0x140000aca20 <nil> <nil> <nil> <nil> 0 8 3600000000000 0 1800000000000 60000000000 0x140000923c0 {0 {0 0}} 0x14000092420}" func="video_service/internal/controller/database/video_db_logic.db.Create()" file="video_db_logic.go:41"
time="2022-09-03T14:49:06+03:00" level=debug msg="start SCAN" func="video_service/internal/controller/database/video_db_logic.db.Create()" file="video_db_logic.go:43"
time="2022-09-03T14:51:15+03:00" level=info msg="read application configuration" func="video_service/internal/app/config.GetConfig.func1()" file="config.go:61"
time="2022-09-03T14:51:15+03:00" level=debug msg="MaxRetries 0" func="video_service/internal/app/config.GetConfig.func1()" file="config.go:68"
time="2022-09-03T14:51:15+03:00" level=debug msg="dsn is postgresql://user:pass@localhost:5432/dev" func="video_service/internal/adapters/postgresql.NewPostgresClient()" file="sql.go:41"
time="2022-09-03T14:51:15+03:00" level=debug msg="max_retries %v5" func="video_service/internal/adapters/postgresql.NewPostgresClient()" file="sql.go:42"
time="2022-09-03T14:51:15+03:00" level=debug msg="start connect" func="video_service/internal/adapters/postgresql.NewPostgresClient.func1()" file="sql.go:45"
time="2022-09-03T14:51:15+03:00" level=debug msg="ctx is %vcontext.TODO.WithDeadline(2022-09-03 14:51:20.781087 +0300 MSK m=+5.008080084 [4.9999425s])" func="video_service/internal/adapters/postgresql.NewPostgresClient.func1()" file="sql.go:47"
time="2022-09-03T14:51:15+03:00" level=debug msg="err is <nil>" func="video_service/internal/adapters/postgresql.NewPostgresClient.func1()" file="sql.go:49"
time="2022-09-03T14:51:15+03:00" level=debug msg="check pool %v&{0 0 0 0x14000205000 0x140001b4a20 <nil> <nil> <nil> <nil> 0 8 3600000000000 0 1800000000000 60000000000 0x140001903c0 {0 {0 0}} 0x14000190420}" func="video_service/internal/adapters/postgresql.NewPostgresClient()" file="sql.go:58"
time="2022-09-03T14:51:31+03:00" level=trace msg="SQL Query:  INSERT INTO videos      (uri, id)  VALUES         ($1, $2)  RETURNING id " func="video_service/internal/controller/database/video_db_logic.db.Create()" file="video_db_logic.go:39"
time="2022-09-03T14:51:31+03:00" level=debug msg="test client &{0 0 0 0x14000205000 0x140001b4a20 <nil> <nil> <nil> <nil> 0 8 3600000000000 0 1800000000000 60000000000 0x140001903c0 {0 {0 0}} 0x14000190420}" func="video_service/internal/controller/database/video_db_logic.db.Create()" file="video_db_logic.go:41"
time="2022-09-03T14:51:31+03:00" level=debug msg="start SCAN" func="video_service/internal/controller/database/video_db_logic.db.Create()" file="video_db_logic.go:43"
time="2022-09-03T14:53:21+03:00" level=info msg="read application configuration" func="video_service/internal/app/config.GetConfig.func1()" file="config.go:61"
time="2022-09-03T14:53:21+03:00" level=debug msg="MaxRetries 0" func="video_service/internal/app/config.GetConfig.func1()" file="config.go:68"
time="2022-09-03T14:53:21+03:00" level=debug msg="dsn is postgresql://user:pass@localhost:5432/dev" func="video_service/internal/adapters/postgresql.NewPostgresClient()" file="sql.go:41"
time="2022-09-03T14:53:21+03:00" level=debug msg="max_retries %v5" func="video_service/internal/adapters/postgresql.NewPostgresClient()" file="sql.go:42"
time="2022-09-03T14:53:21+03:00" level=debug msg="start connect" func="video_service/internal/adapters/postgresql.NewPostgresClient.func1()" file="sql.go:45"
time="2022-09-03T14:53:21+03:00" level=debug msg="ctx is %vcontext.TODO.WithDeadline(2022-09-03 14:53:26.553424 +0300 MSK m=+5.007623126 [4.999911083s])" func="video_service/internal/adapters/postgresql.NewPostgresClient.func1()" file="sql.go:47"
time="2022-09-03T14:53:21+03:00" level=debug msg="err is <nil>" func="video_service/internal/adapters/postgresql.NewPostgresClient.func1()" file="sql.go:49"
time="2022-09-03T14:53:21+03:00" level=debug msg="check pool %v&{0 0 0 0x14000205000 0x14000132a20 <nil> <nil> <nil> <nil> 0 8 3600000000000 0 1800000000000 60000000000 0x1400010e3c0 {0 {0 0}} 0x1400010e420}" func="video_service/internal/adapters/postgresql.NewPostgresClient()" file="sql.go:58"
time="2022-09-03T14:53:35+03:00" level=trace msg="SQL Query:  INSERT INTO videos      (uri, id)  VALUES         ($1, $2)  RETURNING id " func="video_service/internal/controller/database/video_db_logic.db.Create()" file="video_db_logic.go:39"
time="2022-09-03T14:53:35+03:00" level=debug msg="test client &{0 0 0 0x14000205000 0x14000132a20 <nil> <nil> <nil> <nil> 0 8 3600000000000 0 1800000000000 60000000000 0x1400010e3c0 {0 {0 0}} 0x1400010e420}" func="video_service/internal/controller/database/video_db_logic.db.Create()" file="video_db_logic.go:41"
time="2022-09-03T14:53:35+03:00" level=debug msg="start SCAN" func="video_service/internal/controller/database/video_db_logic.db.Create()" file="video_db_logic.go:43"
time="2022-09-03T14:53:48+03:00" level=info msg="read application configuration" func="video_service/internal/app/config.GetConfig.func1()" file="config.go:61"
time="2022-09-03T14:53:48+03:00" level=debug msg="MaxRetries 0" func="video_service/internal/app/config.GetConfig.func1()" file="config.go:68"
time="2022-09-03T14:53:48+03:00" level=debug msg="dsn is postgresql://user:pass@localhost:5432/dev" func="video_service/internal/adapters/postgresql.NewPostgresClient()" file="sql.go:41"
time="2022-09-03T14:53:48+03:00" level=debug msg="max_retries %v5" func="video_service/internal/adapters/postgresql.NewPostgresClient()" file="sql.go:42"
time="2022-09-03T14:53:48+03:00" level=debug msg="start connect" func="video_service/internal/adapters/postgresql.NewPostgresClient.func1()" file="sql.go:45"
time="2022-09-03T14:53:48+03:00" level=debug msg="ctx is %vcontext.TODO.WithDeadline(2022-09-03 14:53:53.885893 +0300 MSK m=+5.004910626 [4.999936667s])" func="video_service/internal/adapters/postgresql.NewPostgresClient.func1()" file="sql.go:47"
time="2022-09-03T14:53:48+03:00" level=debug msg="err is <nil>" func="video_service/internal/adapters/postgresql.NewPostgresClient.func1()" file="sql.go:49"
time="2022-09-03T14:53:48+03:00" level=debug msg="check pool %v&{0 0 0 0x14000185000 0x14000134a80 <nil> <nil> <nil> <nil> 0 8 3600000000000 0 1800000000000 60000000000 0x140001103c0 {0 {0 0}} 0x14000110420}" func="video_service/internal/adapters/postgresql.NewPostgresClient()" file="sql.go:58"
time="2022-09-03T14:53:54+03:00" level=trace msg="SQL Query:  INSERT INTO videos      (uri, id)  VALUES         ($1, $2)  RETURNING id " func="video_service/internal/controller/database/video_db_logic.db.Create()" file="video_db_logic.go:39"
time="2022-09-03T14:53:54+03:00" level=debug msg="test client &{0 0 0 0x14000185000 0x14000134a80 <nil> <nil> <nil> <nil> 0 8 3600000000000 0 1800000000000 60000000000 0x140001103c0 {0 {0 0}} 0x14000110420}" func="video_service/internal/controller/database/video_db_logic.db.Create()" file="video_db_logic.go:41"
time="2022-09-03T14:53:55+03:00" level=debug msg="start SCAN" func="video_service/internal/controller/database/video_db_logic.db.Create()" file="video_db_logic.go:43"
time="2022-09-03T14:55:15+03:00" level=info msg="read application configuration" func="video_service/internal/app/config.GetConfig.func1()" file="config.go:61"
time="2022-09-03T14:55:15+03:00" level=debug msg="MaxRetries 0" func="video_service/internal/app/config.GetConfig.func1()" file="config.go:68"
time="2022-09-03T14:55:15+03:00" level=debug msg="dsn is postgresql://user:pass@localhost:5432/dev" func="video_service/internal/adapters/postgresql.NewPostgresClient()" file="sql.go:41"
time="2022-09-03T14:55:15+03:00" level=debug msg="max_retries %v5" func="video_service/internal/adapters/postgresql.NewPostgresClient()" file="sql.go:42"
time="2022-09-03T14:55:15+03:00" level=debug msg="start connect" func="video_service/internal/adapters/postgresql.NewPostgresClient.func1()" file="sql.go:45"
time="2022-09-03T14:55:15+03:00" level=debug msg="ctx is %vcontext.TODO.WithDeadline(2022-09-03 14:55:20.202744 +0300 MSK m=+5.007827793 [4.999929209s])" func="video_service/internal/adapters/postgresql.NewPostgresClient.func1()" file="sql.go:47"
time="2022-09-03T14:55:15+03:00" level=debug msg="err is <nil>" func="video_service/internal/adapters/postgresql.NewPostgresClient.func1()" file="sql.go:49"
time="2022-09-03T14:55:15+03:00" level=debug msg="check pool %v&{0 0 0 0x14000205000 0x140001b4a20 <nil> <nil> <nil> <nil> 0 8 3600000000000 0 1800000000000 60000000000 0x140001903c0 {0 {0 0}} 0x14000190420}" func="video_service/internal/adapters/postgresql.NewPostgresClient()" file="sql.go:58"
time="2022-09-03T14:55:22+03:00" level=trace msg="SQL Query:  INSERT INTO videos      (uri, id)  VALUES         ($1, $2)  RETURNING id " func="video_service/internal/controller/database/video_db_logic.db.Create()" file="video_db_logic.go:39"
time="2022-09-03T14:55:22+03:00" level=debug msg="test client &{0 0 0 0x14000205000 0x140001b4a20 <nil> <nil> <nil> <nil> 0 8 3600000000000 0 1800000000000 60000000000 0x140001903c0 {0 {0 0}} 0x14000190420}" func="video_service/internal/controller/database/video_db_logic.db.Create()" file="video_db_logic.go:41"
time="2022-09-03T14:55:22+03:00" level=debug msg="start SCAN" func="video_service/internal/controller/database/video_db_logic.db.Create()" file="video_db_logic.go:43"
time="2022-09-03T14:56:52+03:00" level=info msg="read application configuration" func="video_service/internal/app/config.GetConfig.func1()" file="config.go:61"
time="2022-09-03T14:56:52+03:00" level=debug msg="MaxRetries 0" func="video_service/internal/app/config.GetConfig.func1()" file="config.go:68"
time="2022-09-03T14:56:52+03:00" level=debug msg="dsn is postgresql://user:pass@localhost:5432/dev" func="video_service/internal/adapters/postgresql.NewPostgresClient()" file="sql.go:41"
time="2022-09-03T14:56:52+03:00" level=debug msg="max_retries %v5" func="video_service/internal/adapters/postgresql.NewPostgresClient()" file="sql.go:42"
time="2022-09-03T14:56:52+03:00" level=debug msg="start connect" func="video_service/internal/adapters/postgresql.NewPostgresClient.func1()" file="sql.go:45"
time="2022-09-03T14:56:52+03:00" level=debug msg="ctx is %vcontext.TODO.WithDeadline(2022-09-03 14:56:57.493192 +0300 MSK m=+5.007879459 [4.999946125s])" func="video_service/internal/adapters/postgresql.NewPostgresClient.func1()" file="sql.go:47"
time="2022-09-03T14:56:52+03:00" level=debug msg="err is <nil>" func="video_service/internal/adapters/postgresql.NewPostgresClient.func1()" file="sql.go:49"
time="2022-09-03T14:56:52+03:00" level=debug msg="check pool %v&{0 0 0 0x14000205000 0x14000132a20 <nil> <nil> <nil> <nil> 0 8 3600000000000 0 1800000000000 60000000000 0x1400010e3c0 {0 {0 0}} 0x1400010e420}" func="video_service/internal/adapters/postgresql.NewPostgresClient()" file="sql.go:58"
time="2022-09-03T14:57:01+03:00" level=trace msg="SQL Query:  INSERT INTO videos      (uri, id)  VALUES         ($1, $2)  RETURNING id " func="video_service/internal/controller/database/video_db_logic.db.Create()" file="video_db_logic.go:39"
time="2022-09-03T14:57:01+03:00" level=debug msg="test client &{0 0 0 0x14000205000 0x14000132a20 <nil> <nil> <nil> <nil> 0 8 3600000000000 0 1800000000000 60000000000 0x1400010e3c0 {0 {0 0}} 0x1400010e420}" func="video_service/internal/controller/database/video_db_logic.db.Create()" file="video_db_logic.go:41"
time="2022-09-03T14:57:01+03:00" level=debug msg="start SCAN" func="video_service/internal/controller/database/video_db_logic.db.Create()" file="video_db_logic.go:43"
